[2025-06-28 18:20:06] [WARN] Invalid option. Please enter a number between 1 and 4.
[2025-06-28 18:20:13] [INFO] Enter ID to delete task: 
[2025-06-28 18:20:15] [ERROR] Failed to delete item. ID not found: 5964
[2025-06-28 18:21:30] [WARN] Invalid option. Please enter a number between 1 and 4.
[2025-06-28 18:21:33] [WARN] User attempted to view list, but it is empty.
[2025-06-28 18:21:34] [INFO] 
Enter the Item ID(up to 5 numbers): 
[2025-06-28 18:21:36] [ERROR] Error: ID must be a number with 1 to 5 digits only.
[2025-06-28 18:21:36] [INFO] Enter the Item ID (1 to 5 digits): 
[2025-06-28 18:21:37] [INFO] Enter the name of the item: 
[2025-06-28 18:21:38] [INFO] Enter a short description of the item: 
[2025-06-28 18:21:41] [INFO] Enter the completion status of the task(true,false): 
[2025-06-28 18:21:42] [WARN] Error: Please enter 'true' or 'false'.
[2025-06-28 18:21:42] [INFO] Enter the completion status of the task(true,false): 
[2025-06-28 18:21:45] [INFO] 
Item has been added.
[2025-06-28 18:21:45] [INFO] Item added successfully with ID: 8511
[2025-06-28 18:21:46] [INFO] Displaying all items in the to-do list.
[2025-06-28 18:21:46] [INFO] 
=================Item Info=================
Item ID: 8511
Item Name: xsbns
Item Description: sdfgn s
Task Status: false
==========================================
[2025-06-28 18:21:49] [INFO] Enter ID to delete task: 
[2025-06-28 18:21:53] [INFO] Item deleted successfully. ID: 8511
[2025-06-28 18:21:56] [INFO] Enter ID to delete task: 
[2025-06-28 18:21:57] [ERROR] Failed to delete item. ID not found: fgbnsxb
[2025-06-28 18:24:34] [INFO] 
Enter the Item ID(up to 5 numbers): 
[2025-06-28 18:24:38] [INFO] Enter the name of the item: 
[2025-06-28 18:24:41] [INFO] Enter a short description of the item: 
[2025-06-28 18:24:44] [INFO] Enter the completion status of the task(true,false): 
[2025-06-28 18:24:46] [WARN] Error: Please enter 'true' or 'false'.
[2025-06-28 18:24:46] [INFO] Enter the completion status of the task(true,false): 
[2025-06-28 18:24:50] [INFO] 
Item has been added.
[2025-06-28 18:24:50] [INFO] Item added successfully with ID: 44444
[2025-06-28 18:24:53] [WARN] 
Invalid input. Please enter a number between 1 and 4.
[2025-06-28 18:24:56] [INFO] Displaying all items in the to-do list.
[2025-06-28 18:24:56] [INFO] 
=================Item Info=================
Item ID: 44444
Item Name: wow
Item Description: woooooooooooooooooooooooe
Task Status: false
==========================================
[2025-06-28 18:25:01] [INFO] Displaying all items in the to-do list.
[2025-06-28 18:25:01] [INFO] 
=================Item Info=================
Item ID: 44444
Item Name: wow
Item Description: woooooooooooooooooooooooe
Task Status: false
==========================================
[2025-06-28 18:25:04] [INFO] 
Enter the Item ID(up to 5 numbers): 
[2025-06-28 18:25:09] [INFO] Enter the name of the item: 
[2025-06-28 18:25:11] [INFO] Enter a short description of the item: 
[2025-06-28 18:25:15] [INFO] Enter the completion status of the task(true,false): 
[2025-06-28 18:25:17] [INFO] 
Item has been added.
[2025-06-28 18:25:17] [INFO] Item added successfully with ID: 45454
[2025-06-28 18:27:22] [INFO] 
Enter the Item ID(up to 5 numbers): 
[2025-06-28 18:27:24] [ERROR] Error: ID must be a number with 1 to 5 digits only.
[2025-06-28 18:27:24] [INFO] Enter the Item ID (1 to 5 digits): 
[2025-06-28 18:27:27] [ERROR] Error: ID must be a number with 1 to 5 digits only.
[2025-06-28 18:27:27] [INFO] Enter the Item ID (1 to 5 digits): 
[2025-06-28 18:27:30] [ERROR] Error: ID must be a number with 1 to 5 digits only.
[2025-06-28 18:27:30] [INFO] Enter the Item ID (1 to 5 digits): 
[2025-06-28 18:27:33] [INFO] Enter the name of the item: 
[2025-06-28 18:27:38] [WARN] Error: name entered had no characters entered, please re-enter proper amount(up to 15 characters.)
[2025-06-28 18:27:38] [INFO] Enter Item name: 
[2025-06-28 18:27:54] [INFO] Enter a short description of the item: 
[2025-06-28 18:28:03] [WARN] Error: short description entered had no characters entered, Please enter below 50 characters.
[2025-06-28 18:28:03] [INFO] Enter short description: 
[2025-06-28 18:28:05] [INFO] Enter the completion status of the task(true,false): 
[2025-06-28 18:28:07] [WARN] Error: Please enter 'true' or 'false'.
[2025-06-28 18:28:07] [INFO] Enter the completion status of the task(true,false): 
[2025-06-28 18:28:09] [WARN] Error: Please enter 'true' or 'false'.
[2025-06-28 18:28:09] [INFO] Enter the completion status of the task(true,false): 
[2025-06-28 18:28:10] [WARN] Error: Please enter 'true' or 'false'.
[2025-06-28 18:28:10] [INFO] Enter the completion status of the task(true,false): 
[2025-06-28 18:28:14] [INFO] 
Item has been added.
[2025-06-28 18:28:14] [INFO] Item added successfully with ID: 22222
[2025-06-28 18:28:15] [INFO] Displaying all items in the to-do list.
[2025-06-28 18:28:15] [INFO] 
=================Item Info=================
Item ID: 44444
Item Name: wow
Item Description: woooooooooooooooooooooooe
Task Status: false
==========================================
[2025-06-28 18:28:15] [INFO] 
=================Item Info=================
Item ID: 45454
Item Name: love
Item Description: lovely
Task Status: false
==========================================
[2025-06-28 18:28:15] [INFO] 
=================Item Info=================
Item ID: 22222
Item Name: 2.3' screes
Item Description: adrgbvaserbgrfbgaserbre
Task Status: false
==========================================
[2025-06-28 18:28:29] [INFO] Enter ID to delete task: 
[2025-06-28 18:28:34] [INFO] Item deleted successfully. ID: 22222
[2025-06-28 18:28:37] [INFO] Enter ID to delete task: 
[2025-06-28 18:28:38] [ERROR] Failed to delete item. ID not found: 65161
[2025-06-28 18:28:39] [INFO] Enter ID to delete task: 
[2025-06-28 18:28:43] [ERROR] Failed to delete item. ID not found: 45
[2025-06-28 18:28:44] [INFO] Enter ID to delete task: 
[2025-06-28 18:28:48] [INFO] Item deleted successfully. ID: 44444
[2025-06-28 18:28:49] [INFO] Displaying all items in the to-do list.
[2025-06-28 18:28:49] [INFO] 
=================Item Info=================
Item ID: 45454
Item Name: love
Item Description: lovely
Task Status: false
==========================================
